camera_feature/build/intermediates/manifest_merge_blame_file/release/processReleaseMainManifest/manifest-merger-blame-release-report.txt
1<?xml version="1.0" encoding="utf-8"?>
2<manifest xmlns:android="http://schemas.android.com/apk/res/android"
3    xmlns:dist="http://schemas.android.com/apk/distribution"
4    featureSplit="camera_feature"
5    package="com.harichselvamc.seetime"
6    android:versionCode="8"
7    android:versionName="1.3.3" >
8
9    <uses-sdk
10        android:minSdkVersion="24"
11        android:targetSdkVersion="24" />
12
13    <dist:module
13-->src\main\AndroidManifest.xml:6:5-15:19
14        dist:fusing="true"
14-->src\main\AndroidManifest.xml:7:9-27
15        dist:instant="false" >
15-->src\main\AndroidManifest.xml:8:9-29
16        <dist:delivery>
16-->src\main\AndroidManifest.xml:9:9-11:25
17            <dist:on-demand />
17-->src\main\AndroidManifest.xml:10:13-31
18        </dist:delivery>
19
20        <dist:module-config>
20-->src\main\AndroidManifest.xml:12:9-14:30
21            <dist:title>
21-->src\main\AndroidManifest.xml:13:13-66
22@string/title_camera_feature
23            </dist:title>
24        </dist:module-config>
25    </dist:module>
26
27    <queries>
27-->[androidx.camera:camera-extensions:1.3.3] AndroidManifest.xml:22:5-26:15
28        <intent>
28-->[androidx.camera:camera-extensions:1.3.3] AndroidManifest.xml:23:9-25:18
29            <action android:name="androidx.camera.extensions.action.VENDOR_ACTION" />
29-->[androidx.camera:camera-extensions:1.3.3] AndroidManifest.xml:24:13-86
29-->[androidx.camera:camera-extensions:1.3.3] AndroidManifest.xml:24:21-83
30        </intent>
31    </queries>
32
33    <application android:extractNativeLibs="false" >
33-->src\main\AndroidManifest.xml:17:5-19:19
34
35        <!-- Activity declarations specific to this feature module -->
36        <uses-library
36-->[androidx.camera:camera-extensions:1.3.3] AndroidManifest.xml:29:9-31:40
37            android:name="androidx.camera.extensions.impl"
37-->[androidx.camera:camera-extensions:1.3.3] AndroidManifest.xml:30:13-59
38            android:required="false" />
38-->[androidx.camera:camera-extensions:1.3.3] AndroidManifest.xml:31:13-37
39
40        <service
40-->[androidx.camera:camera-camera2:1.3.3] AndroidManifest.xml:24:9-33:19
41            android:name="androidx.camera.core.impl.MetadataHolderService"
41-->[androidx.camera:camera-camera2:1.3.3] AndroidManifest.xml:25:13-75
42            android:enabled="false"
42-->[androidx.camera:camera-camera2:1.3.3] AndroidManifest.xml:26:13-36
43            android:exported="false"
43-->[androidx.camera:camera-camera2:1.3.3] AndroidManifest.xml:27:13-37
44            android:splitName="camera_feature" >
45            <meta-data
45-->[androidx.camera:camera-camera2:1.3.3] AndroidManifest.xml:30:13-32:89
46                android:name="androidx.camera.core.impl.MetadataHolderService.DEFAULT_CONFIG_PROVIDER"
46-->[androidx.camera:camera-camera2:1.3.3] AndroidManifest.xml:31:17-103
47                android:value="androidx.camera.camera2.Camera2Config$DefaultProvider" />
47-->[androidx.camera:camera-camera2:1.3.3] AndroidManifest.xml:32:17-86
48        </service>
49    </application>
50
51</manifest>